<?xml version="1.0" encoding="UTF-8" ?>
<testsuites errors="5"
            failures="3"
            tests="5">

  <testsuite name="spqa_env.verticals.energy.a_person_accountAndopportunity_tests.sp_650_global_search.ac5_ensure_correct_details_are_displayed_in_the_results_page"
    errors="5" failures="3" hostname="" id="" package="sp_650_global_search" skipped="0"
    tests="5" time="149.1" timestamp="">
  
    <testcase name="Login Bat Credentials" classname="spqa_env.verticals.energy.a_person_accountAndopportunity_tests.sp_650_global_search.ac5_ensure_correct_details_are_displayed_in_the_results_page" time="51.07" assertions="0">
    </testcase>
  
    <testcase name="Log in as Energy Consultant QA" classname="spqa_env.verticals.energy.a_person_accountAndopportunity_tests.sp_650_global_search.ac5_ensure_correct_details_are_displayed_in_the_results_page" time="11.51" assertions="0">
    </testcase>
  
    <testcase name="GIVEN I have searched for the Last Name" classname="spqa_env.verticals.energy.a_person_accountAndopportunity_tests.sp_650_global_search.ac5_ensure_correct_details_are_displayed_in_the_results_page" time="12.68" assertions="1">

    
    </testcase>
  
    <testcase name="WHEN the result page is displayed" classname="spqa_env.verticals.energy.a_person_accountAndopportunity_tests.sp_650_global_search.ac5_ensure_correct_details_are_displayed_in_the_results_page" time="0.01200" assertions="1">

    
    </testcase>
  
    <testcase name="THEN I should be able to view the page" classname="spqa_env.verticals.energy.a_person_accountAndopportunity_tests.sp_650_global_search.ac5_ensure_correct_details_are_displayed_in_the_results_page" time="73.83" assertions="11">

    

    

    

    

    

    

    

      <failure message="The Page contains matching results ? in 1000 ms. - expected [0;32m&#34;Test0&#34;[0m but got: [0;31m&#34;null&#34;[0m">    at Object.THEN I should be able to view the page (C:\NightWatchSelenium\nightwatch_e2e_salesforce_tests\tests\spqa_env\verticals\energy\a_person_accountAndopportunity_tests\sp_650_global_search\ac5_ensure_correct_details_are_displayed_in_the_results_page.js:112:25)</failure>

      <failure message="The Page contains matching results ? in 1000 ms. - expected [0;32m&#34;Test0&#34;[0m but got: [0;31m&#34;null&#34;[0m">    at Object.THEN I should be able to view the page (C:\NightWatchSelenium\nightwatch_e2e_salesforce_tests\tests\spqa_env\verticals\energy\a_person_accountAndopportunity_tests\sp_650_global_search\ac5_ensure_correct_details_are_displayed_in_the_results_page.js:120:25)</failure>

      <failure message="The Page contains matching results ? in 1000 ms. - expected [0;32m&#34;Test0&#34;[0m but got: [0;31m&#34;null&#34;[0m">    at Object.THEN I should be able to view the page (C:\NightWatchSelenium\nightwatch_e2e_salesforce_tests\tests\spqa_env\verticals\energy\a_person_accountAndopportunity_tests\sp_650_global_search\ac5_ensure_correct_details_are_displayed_in_the_results_page.js:127:25)</failure>

    
    </testcase>
  

  

  
  </testsuite>
</testsuites>
