<?xml version="1.0" encoding="UTF-8" ?>
<testsuites errors="1"
            failures="1"
            tests="5">

  <testsuite name="spqa_env.verticals.energy.a_person_accountAndopportunity_tests.sp_650_global_search.ac3_display_search_results_page"
    errors="1" failures="1" hostname="" id="" package="sp_650_global_search" skipped="0"
    tests="5" time="91.30" timestamp="">
  
    <testcase name="Login Bat Credentials" classname="spqa_env.verticals.energy.a_person_accountAndopportunity_tests.sp_650_global_search.ac3_display_search_results_page" time="57.19" assertions="0">
    </testcase>
  
    <testcase name="Log in as Energy Consultant QA" classname="spqa_env.verticals.energy.a_person_accountAndopportunity_tests.sp_650_global_search.ac3_display_search_results_page" time="11.84" assertions="0">
    </testcase>
  
    <testcase name="GIVEN I have talked to the client" classname="spqa_env.verticals.energy.a_person_accountAndopportunity_tests.sp_650_global_search.ac3_display_search_results_page" time="0.001000" assertions="0">
    </testcase>
  
    <testcase name="WHEN I enter the Last Name in Global Search Bar AND hit enter" classname="spqa_env.verticals.energy.a_person_accountAndopportunity_tests.sp_650_global_search.ac3_display_search_results_page" time="5.661" assertions="1">

    
    </testcase>
  
    <testcase name="THEN the search result page is displayed and will return matches from any of the primary objects" classname="spqa_env.verticals.energy.a_person_accountAndopportunity_tests.sp_650_global_search.ac3_display_search_results_page" time="16.60" assertions="3">

    

      <failure message="Verify Primary Objects are returned in 1000 ms. - expected [0;32m&#34;present&#34;[0m but got: [0;31m&#34;not present&#34;[0m">    at Object.THEN the search result page is displayed and will return matches from any of the primary objects (C:\NightWatchSelenium\nightwatch_e2e_salesforce_tests\tests\spqa_env\verticals\energy\a_person_accountAndopportunity_tests\sp_650_global_search\ac3_display_search_results_page.js:83:25)</failure>

    <failure message="NoSuchElementError: An error occurred while running .getText() command on &lt;div[class=&#34;resultsItem slds-col slds-no-flex slds-card&#34;]&gt;:">    at process._tickCallback (internal/process/next_tick.js:68:7)</failure>
    </testcase>
  

  

  
  </testsuite>
</testsuites>
